2019-04-02 09:32:29,918 INFO[org.springframework.web.context.ContextLoader:305] - Root WebApplicationContext: initialization started
2019-04-02 09:32:30,011 INFO[org.springframework.web.context.support.XmlWebApplicationContext:581] - Refreshing Root WebApplicationContext: startup date [Tue Apr 02 09:32:30 CST 2019]; root of context hierarchy
2019-04-02 09:32:30,052 INFO[org.springframework.beans.factory.xml.XmlBeanDefinitionReader:317] - Loading XML bean definitions from class path resource [spring.xml]
2019-04-02 09:32:30,679 INFO[org.springframework.beans.factory.config.PropertyPlaceholderConfigurer:172] - Loading properties file from class path resource [jdbc.properties]
2019-04-02 09:32:30,683 INFO[org.springframework.beans.factory.config.PropertyPlaceholderConfigurer:172] - Loading properties file from class path resource [mail.properties]
2019-04-02 09:32:30,695 INFO[org.springframework.beans.factory.annotation.AutowiredAnnotationBeanPostProcessor:155] - JSR-330 'javax.inject.Inject' annotation found and supported for autowiring
2019-04-02 09:32:30,966 INFO[com.mchange.v2.log.MLog:80] - MLog clients using log4j logging.
2019-04-02 09:32:31,661 INFO[com.mchange.v2.c3p0.C3P0Registry:204] - Initializing c3p0-0.9.1.2 [built 21-May-2007 15:04:56; debug? true; trace: 10]
2019-04-02 09:32:35,009 INFO[org.springframework.web.context.ContextLoader:345] - Root WebApplicationContext: initialization completed in 5083 ms
2019-04-02 09:32:35,205 INFO[org.springframework.web.servlet.DispatcherServlet:489] - FrameworkServlet 'springMVC': initialization started
2019-04-02 09:32:35,211 INFO[org.springframework.web.context.support.XmlWebApplicationContext:581] - Refreshing WebApplicationContext for namespace 'springMVC-servlet': startup date [Tue Apr 02 09:32:35 CST 2019]; parent: Root WebApplicationContext
2019-04-02 09:32:35,213 INFO[org.springframework.beans.factory.xml.XmlBeanDefinitionReader:317] - Loading XML bean definitions from class path resource [spring-mvc.xml]
2019-04-02 09:32:35,799 INFO[org.springframework.beans.factory.annotation.AutowiredAnnotationBeanPostProcessor:155] - JSR-330 'javax.inject.Inject' annotation found and supported for autowiring
2019-04-02 09:32:36,432 INFO[org.springframework.web.servlet.handler.SimpleUrlHandlerMapping:354] - Mapped URL path [/resources/**/] onto handler 'org.springframework.web.servlet.resource.ResourceHttpRequestHandler#0'
2019-04-02 09:32:36,861 INFO[org.springframework.web.servlet.mvc.method.annotation.RequestMappingHandlerMapping:537] - Mapped "{[/article/add-article],methods=[POST]}" onto public java.lang.String com.mypro.Controller.ArticleController.addArticle(com.mypro.model.Article)
2019-04-02 09:32:36,863 INFO[org.springframework.web.servlet.mvc.method.annotation.RequestMappingHandlerMapping:537] - Mapped "{[/article/five-article],methods=[GET]}" onto public java.lang.String com.mypro.Controller.ArticleController.getArticalList()
2019-04-02 09:32:36,865 INFO[org.springframework.web.servlet.mvc.method.annotation.RequestMappingHandlerMapping:537] - Mapped "{[/article/upload-img],methods=[POST]}" onto public java.lang.String com.mypro.Controller.ArticleController.doUploadFile(org.springframework.web.multipart.MultipartFile,javax.servlet.http.HttpServletRequest)
2019-04-02 09:32:36,867 INFO[org.springframework.web.servlet.mvc.method.annotation.RequestMappingHandlerMapping:537] - Mapped "{[/emotion-type/list],methods=[POST]}" onto public java.lang.String com.mypro.Controller.EmotionTypeController.getEmotionTypelist()
2019-04-02 09:32:36,870 INFO[org.springframework.web.servlet.mvc.method.annotation.RequestMappingHandlerMapping:537] - Mapped "{[/goods/add-goods],methods=[POST]}" onto public java.lang.String com.mypro.Controller.GoodsController.addGoods(com.mypro.model.Goods)
2019-04-02 09:32:36,871 INFO[org.springframework.web.servlet.mvc.method.annotation.RequestMappingHandlerMapping:537] - Mapped "{[/goods/list],methods=[POST]}" onto public java.lang.String com.mypro.Controller.GoodsController.getGoodslist(java.util.Map)
2019-04-02 09:32:36,875 INFO[org.springframework.web.servlet.mvc.method.annotation.RequestMappingHandlerMapping:537] - Mapped "{[/user/register],methods=[POST]}" onto public java.lang.String com.mypro.Controller.UserController.register(com.mypro.model.User)
2019-04-02 09:32:36,876 INFO[org.springframework.web.servlet.mvc.method.annotation.RequestMappingHandlerMapping:537] - Mapped "{[/user/send-email],methods=[POST]}" onto public java.lang.String com.mypro.Controller.UserController.sendEmail(java.util.Map)
2019-04-02 09:32:36,876 INFO[org.springframework.web.servlet.mvc.method.annotation.RequestMappingHandlerMapping:537] - Mapped "{[/user/uploadFile],methods=[POST]}" onto public java.lang.String com.mypro.Controller.UserController.doUploadFile(org.springframework.web.multipart.MultipartFile,java.lang.String,javax.servlet.http.HttpServletRequest)
2019-04-02 09:32:36,877 INFO[org.springframework.web.servlet.mvc.method.annotation.RequestMappingHandlerMapping:537] - Mapped "{[/user/login],methods=[POST]}" onto public java.lang.String com.mypro.Controller.UserController.Login(com.mypro.model.User)
2019-04-02 09:32:37,499 INFO[org.springframework.web.servlet.mvc.method.annotation.RequestMappingHandlerAdapter:534] - Looking for @ControllerAdvice: WebApplicationContext for namespace 'springMVC-servlet': startup date [Tue Apr 02 09:32:35 CST 2019]; parent: Root WebApplicationContext
2019-04-02 09:32:37,698 INFO[org.springframework.web.servlet.mvc.method.annotation.RequestMappingHandlerAdapter:534] - Looking for @ControllerAdvice: WebApplicationContext for namespace 'springMVC-servlet': startup date [Tue Apr 02 09:32:35 CST 2019]; parent: Root WebApplicationContext
2019-04-02 09:32:38,117 INFO[org.springframework.web.servlet.DispatcherServlet:508] - FrameworkServlet 'springMVC': initialization completed in 2911 ms
2019-04-02 09:40:51,186 INFO[com.mchange.v2.c3p0.impl.AbstractPoolBackedDataSource:462] - Initializing c3p0 pool... com.mchange.v2.c3p0.ComboPooledDataSource [ acquireIncrement -> 2, acquireRetryAttempts -> 30, acquireRetryDelay -> 1000, autoCommitOnClose -> false, automaticTestTable -> null, breakAfterAcquireFailure -> false, checkoutTimeout -> 0, connectionCustomizerClassName -> null, connectionTesterClassName -> com.mchange.v2.c3p0.impl.DefaultConnectionTester, dataSourceName -> 1hge1lga11oyaa63a18i4e|1ac4ccad, debugUnreturnedConnectionStackTraces -> false, description -> null, driverClass -> com.mysql.jdbc.Driver, factoryClassLocation -> null, forceIgnoreUnresolvedTransactions -> false, identityToken -> 1hge1lga11oyaa63a18i4e|1ac4ccad, idleConnectionTestPeriod -> 0, initialPoolSize -> 3, jdbcUrl -> jdbc:mysql://localhost:3306/myproject?useUnicode=true&characterEncoding=UTF-8, maxAdministrativeTaskTime -> 0, maxConnectionAge -> 0, maxIdleTime -> 0, maxIdleTimeExcessConnections -> 0, maxPoolSize -> 20, maxStatements -> 0, maxStatementsPerConnection -> 0, minPoolSize -> 5, numHelperThreads -> 3, numThreadsAwaitingCheckoutDefaultUser -> 0, preferredTestQuery -> null, properties -> {user=******, password=******}, propertyCycle -> 0, testConnectionOnCheckin -> false, testConnectionOnCheckout -> false, unreturnedConnectionTimeout -> 0, usesTraditionalReflectiveProxies -> false ]
2019-04-02 10:19:54,418 INFO[org.springframework.web.context.ContextLoader:305] - Root WebApplicationContext: initialization started
2019-04-02 10:19:54,527 INFO[org.springframework.web.context.support.XmlWebApplicationContext:581] - Refreshing Root WebApplicationContext: startup date [Tue Apr 02 10:19:54 CST 2019]; root of context hierarchy
2019-04-02 10:19:54,558 INFO[org.springframework.beans.factory.xml.XmlBeanDefinitionReader:317] - Loading XML bean definitions from class path resource [spring.xml]
2019-04-02 10:19:55,085 INFO[org.springframework.beans.factory.config.PropertyPlaceholderConfigurer:172] - Loading properties file from class path resource [jdbc.properties]
2019-04-02 10:19:55,101 INFO[org.springframework.beans.factory.config.PropertyPlaceholderConfigurer:172] - Loading properties file from class path resource [mail.properties]
2019-04-02 10:19:55,101 INFO[org.springframework.beans.factory.annotation.AutowiredAnnotationBeanPostProcessor:155] - JSR-330 'javax.inject.Inject' annotation found and supported for autowiring
2019-04-02 10:19:55,257 INFO[com.mchange.v2.log.MLog:80] - MLog clients using log4j logging.
2019-04-02 10:19:55,615 INFO[com.mchange.v2.c3p0.C3P0Registry:204] - Initializing c3p0-0.9.1.2 [built 21-May-2007 15:04:56; debug? true; trace: 10]
2019-04-02 10:19:56,585 INFO[org.springframework.web.context.ContextLoader:345] - Root WebApplicationContext: initialization completed in 2167 ms
2019-04-02 10:19:56,663 INFO[org.springframework.web.servlet.DispatcherServlet:489] - FrameworkServlet 'springMVC': initialization started
2019-04-02 10:19:56,663 INFO[org.springframework.web.context.support.XmlWebApplicationContext:581] - Refreshing WebApplicationContext for namespace 'springMVC-servlet': startup date [Tue Apr 02 10:19:56 CST 2019]; parent: Root WebApplicationContext
2019-04-02 10:19:56,663 INFO[org.springframework.beans.factory.xml.XmlBeanDefinitionReader:317] - Loading XML bean definitions from class path resource [spring-mvc.xml]
2019-04-02 10:19:56,850 INFO[org.springframework.beans.factory.annotation.AutowiredAnnotationBeanPostProcessor:155] - JSR-330 'javax.inject.Inject' annotation found and supported for autowiring
2019-04-02 10:19:57,262 INFO[org.springframework.web.servlet.handler.SimpleUrlHandlerMapping:354] - Mapped URL path [/resources/**/] onto handler 'org.springframework.web.servlet.resource.ResourceHttpRequestHandler#0'
2019-04-02 10:19:57,324 INFO[org.springframework.web.servlet.mvc.method.annotation.RequestMappingHandlerMapping:537] - Mapped "{[/article/add-article],methods=[POST]}" onto public java.lang.String com.mypro.Controller.ArticleController.addArticle(com.mypro.model.Article)
2019-04-02 10:19:57,324 INFO[org.springframework.web.servlet.mvc.method.annotation.RequestMappingHandlerMapping:537] - Mapped "{[/article/five-article],methods=[GET]}" onto public java.lang.String com.mypro.Controller.ArticleController.getArticalList()
2019-04-02 10:19:57,324 INFO[org.springframework.web.servlet.mvc.method.annotation.RequestMappingHandlerMapping:537] - Mapped "{[/article/upload-img],methods=[POST]}" onto public java.lang.String com.mypro.Controller.ArticleController.doUploadFile(org.springframework.web.multipart.MultipartFile,javax.servlet.http.HttpServletRequest)
2019-04-02 10:19:57,324 INFO[org.springframework.web.servlet.mvc.method.annotation.RequestMappingHandlerMapping:537] - Mapped "{[/emotion-type/list],methods=[POST]}" onto public java.lang.String com.mypro.Controller.EmotionTypeController.getEmotionTypelist()
2019-04-02 10:19:57,324 INFO[org.springframework.web.servlet.mvc.method.annotation.RequestMappingHandlerMapping:537] - Mapped "{[/goods/add-goods],methods=[POST]}" onto public java.lang.String com.mypro.Controller.GoodsController.addGoods(com.mypro.model.Goods)
2019-04-02 10:19:57,324 INFO[org.springframework.web.servlet.mvc.method.annotation.RequestMappingHandlerMapping:537] - Mapped "{[/goods/list],methods=[POST]}" onto public java.lang.String com.mypro.Controller.GoodsController.getGoodslist(java.util.Map)
2019-04-02 10:19:57,324 INFO[org.springframework.web.servlet.mvc.method.annotation.RequestMappingHandlerMapping:537] - Mapped "{[/user/register],methods=[POST]}" onto public java.lang.String com.mypro.Controller.UserController.register(com.mypro.model.User)
2019-04-02 10:19:57,324 INFO[org.springframework.web.servlet.mvc.method.annotation.RequestMappingHandlerMapping:537] - Mapped "{[/user/uploadFile],methods=[POST]}" onto public java.lang.String com.mypro.Controller.UserController.doUploadFile(org.springframework.web.multipart.MultipartFile,java.lang.String,javax.servlet.http.HttpServletRequest)
2019-04-02 10:19:57,324 INFO[org.springframework.web.servlet.mvc.method.annotation.RequestMappingHandlerMapping:537] - Mapped "{[/user/login],methods=[POST]}" onto public java.lang.String com.mypro.Controller.UserController.Login(com.mypro.model.User)
2019-04-02 10:19:57,324 INFO[org.springframework.web.servlet.mvc.method.annotation.RequestMappingHandlerMapping:537] - Mapped "{[/user/send-email],methods=[POST]}" onto public java.lang.String com.mypro.Controller.UserController.sendEmail(java.util.Map)
2019-04-02 10:19:57,527 INFO[org.springframework.web.servlet.mvc.method.annotation.RequestMappingHandlerAdapter:534] - Looking for @ControllerAdvice: WebApplicationContext for namespace 'springMVC-servlet': startup date [Tue Apr 02 10:19:56 CST 2019]; parent: Root WebApplicationContext
2019-04-02 10:19:57,574 INFO[org.springframework.web.servlet.mvc.method.annotation.RequestMappingHandlerAdapter:534] - Looking for @ControllerAdvice: WebApplicationContext for namespace 'springMVC-servlet': startup date [Tue Apr 02 10:19:56 CST 2019]; parent: Root WebApplicationContext
2019-04-02 10:19:57,714 INFO[org.springframework.web.servlet.DispatcherServlet:508] - FrameworkServlet 'springMVC': initialization completed in 1051 ms
2019-04-02 10:22:27,190 INFO[org.springframework.web.context.ContextLoader:305] - Root WebApplicationContext: initialization started
2019-04-02 10:22:27,287 INFO[org.springframework.web.context.support.XmlWebApplicationContext:581] - Refreshing Root WebApplicationContext: startup date [Tue Apr 02 10:22:27 CST 2019]; root of context hierarchy
2019-04-02 10:22:27,338 INFO[org.springframework.beans.factory.xml.XmlBeanDefinitionReader:317] - Loading XML bean definitions from class path resource [spring.xml]
2019-04-02 10:22:27,772 INFO[org.springframework.beans.factory.config.PropertyPlaceholderConfigurer:172] - Loading properties file from class path resource [jdbc.properties]
2019-04-02 10:22:27,776 INFO[org.springframework.beans.factory.config.PropertyPlaceholderConfigurer:172] - Loading properties file from class path resource [mail.properties]
2019-04-02 10:22:27,781 INFO[org.springframework.beans.factory.annotation.AutowiredAnnotationBeanPostProcessor:155] - JSR-330 'javax.inject.Inject' annotation found and supported for autowiring
2019-04-02 10:22:27,917 INFO[com.mchange.v2.log.MLog:80] - MLog clients using log4j logging.
2019-04-02 10:22:28,185 INFO[com.mchange.v2.c3p0.C3P0Registry:204] - Initializing c3p0-0.9.1.2 [built 21-May-2007 15:04:56; debug? true; trace: 10]
2019-04-02 10:22:29,106 INFO[org.springframework.web.context.ContextLoader:345] - Root WebApplicationContext: initialization completed in 1912 ms
2019-04-02 10:22:29,159 INFO[org.springframework.web.servlet.DispatcherServlet:489] - FrameworkServlet 'springMVC': initialization started
2019-04-02 10:22:29,162 INFO[org.springframework.web.context.support.XmlWebApplicationContext:581] - Refreshing WebApplicationContext for namespace 'springMVC-servlet': startup date [Tue Apr 02 10:22:29 CST 2019]; parent: Root WebApplicationContext
2019-04-02 10:22:29,163 INFO[org.springframework.beans.factory.xml.XmlBeanDefinitionReader:317] - Loading XML bean definitions from class path resource [spring-mvc.xml]
2019-04-02 10:22:29,323 INFO[org.springframework.beans.factory.annotation.AutowiredAnnotationBeanPostProcessor:155] - JSR-330 'javax.inject.Inject' annotation found and supported for autowiring
2019-04-02 10:22:29,625 INFO[org.springframework.web.servlet.handler.SimpleUrlHandlerMapping:354] - Mapped URL path [/resources/**/] onto handler 'org.springframework.web.servlet.resource.ResourceHttpRequestHandler#0'
2019-04-02 10:22:29,700 INFO[org.springframework.web.servlet.mvc.method.annotation.RequestMappingHandlerMapping:537] - Mapped "{[/article/add-article],methods=[POST]}" onto public java.lang.String com.mypro.Controller.ArticleController.addArticle(com.mypro.model.Article)
2019-04-02 10:22:29,701 INFO[org.springframework.web.servlet.mvc.method.annotation.RequestMappingHandlerMapping:537] - Mapped "{[/article/five-article],methods=[GET]}" onto public java.lang.String com.mypro.Controller.ArticleController.getArticalList()
2019-04-02 10:22:29,703 INFO[org.springframework.web.servlet.mvc.method.annotation.RequestMappingHandlerMapping:537] - Mapped "{[/article/upload-img],methods=[POST]}" onto public java.lang.String com.mypro.Controller.ArticleController.doUploadFile(org.springframework.web.multipart.MultipartFile,javax.servlet.http.HttpServletRequest)
2019-04-02 10:22:29,705 INFO[org.springframework.web.servlet.mvc.method.annotation.RequestMappingHandlerMapping:537] - Mapped "{[/emotion-type/list],methods=[POST]}" onto public java.lang.String com.mypro.Controller.EmotionTypeController.getEmotionTypelist()
2019-04-02 10:22:29,707 INFO[org.springframework.web.servlet.mvc.method.annotation.RequestMappingHandlerMapping:537] - Mapped "{[/goods/add-goods],methods=[POST]}" onto public java.lang.String com.mypro.Controller.GoodsController.addGoods(com.mypro.model.Goods)
2019-04-02 10:22:29,707 INFO[org.springframework.web.servlet.mvc.method.annotation.RequestMappingHandlerMapping:537] - Mapped "{[/goods/list],methods=[POST]}" onto public java.lang.String com.mypro.Controller.GoodsController.getGoodslist(java.util.Map)
2019-04-02 10:22:29,711 INFO[org.springframework.web.servlet.mvc.method.annotation.RequestMappingHandlerMapping:537] - Mapped "{[/user/register],methods=[POST]}" onto public java.lang.String com.mypro.Controller.UserController.register(com.mypro.model.User)
2019-04-02 10:22:29,712 INFO[org.springframework.web.servlet.mvc.method.annotation.RequestMappingHandlerMapping:537] - Mapped "{[/user/uploadFile],methods=[POST]}" onto public java.lang.String com.mypro.Controller.UserController.doUploadFile(org.springframework.web.multipart.MultipartFile,java.lang.String,javax.servlet.http.HttpServletRequest)
2019-04-02 10:22:29,713 INFO[org.springframework.web.servlet.mvc.method.annotation.RequestMappingHandlerMapping:537] - Mapped "{[/user/login],methods=[POST]}" onto public java.lang.String com.mypro.Controller.UserController.Login(com.mypro.model.User)
2019-04-02 10:22:29,713 INFO[org.springframework.web.servlet.mvc.method.annotation.RequestMappingHandlerMapping:537] - Mapped "{[/user/send-email],methods=[POST]}" onto public java.lang.String com.mypro.Controller.UserController.sendEmail(java.util.Map)
2019-04-02 10:22:29,971 INFO[org.springframework.web.servlet.mvc.method.annotation.RequestMappingHandlerAdapter:534] - Looking for @ControllerAdvice: WebApplicationContext for namespace 'springMVC-servlet': startup date [Tue Apr 02 10:22:29 CST 2019]; parent: Root WebApplicationContext
2019-04-02 10:22:30,033 INFO[org.springframework.web.servlet.mvc.method.annotation.RequestMappingHandlerAdapter:534] - Looking for @ControllerAdvice: WebApplicationContext for namespace 'springMVC-servlet': startup date [Tue Apr 02 10:22:29 CST 2019]; parent: Root WebApplicationContext
2019-04-02 10:22:30,198 INFO[org.springframework.web.servlet.DispatcherServlet:508] - FrameworkServlet 'springMVC': initialization completed in 1038 ms
2019-04-02 10:23:07,338 INFO[org.springframework.web.context.ContextLoader:305] - Root WebApplicationContext: initialization started
2019-04-02 10:23:07,447 INFO[org.springframework.web.context.support.XmlWebApplicationContext:581] - Refreshing Root WebApplicationContext: startup date [Tue Apr 02 10:23:07 CST 2019]; root of context hierarchy
2019-04-02 10:23:07,495 INFO[org.springframework.beans.factory.xml.XmlBeanDefinitionReader:317] - Loading XML bean definitions from class path resource [spring.xml]
2019-04-02 10:23:07,961 INFO[org.springframework.beans.factory.config.PropertyPlaceholderConfigurer:172] - Loading properties file from class path resource [jdbc.properties]
2019-04-02 10:23:07,965 INFO[org.springframework.beans.factory.config.PropertyPlaceholderConfigurer:172] - Loading properties file from class path resource [mail.properties]
2019-04-02 10:23:07,969 INFO[org.springframework.beans.factory.annotation.AutowiredAnnotationBeanPostProcessor:155] - JSR-330 'javax.inject.Inject' annotation found and supported for autowiring
2019-04-02 10:23:08,152 INFO[com.mchange.v2.log.MLog:80] - MLog clients using log4j logging.
2019-04-02 10:23:08,385 INFO[com.mchange.v2.c3p0.C3P0Registry:204] - Initializing c3p0-0.9.1.2 [built 21-May-2007 15:04:56; debug? true; trace: 10]
2019-04-02 10:23:09,358 INFO[org.springframework.web.context.ContextLoader:345] - Root WebApplicationContext: initialization completed in 2014 ms
2019-04-02 10:23:09,429 INFO[org.springframework.web.servlet.DispatcherServlet:489] - FrameworkServlet 'springMVC': initialization started
2019-04-02 10:23:09,433 INFO[org.springframework.web.context.support.XmlWebApplicationContext:581] - Refreshing WebApplicationContext for namespace 'springMVC-servlet': startup date [Tue Apr 02 10:23:09 CST 2019]; parent: Root WebApplicationContext
2019-04-02 10:23:09,434 INFO[org.springframework.beans.factory.xml.XmlBeanDefinitionReader:317] - Loading XML bean definitions from class path resource [spring-mvc.xml]
2019-04-02 10:23:09,596 INFO[org.springframework.beans.factory.annotation.AutowiredAnnotationBeanPostProcessor:155] - JSR-330 'javax.inject.Inject' annotation found and supported for autowiring
2019-04-02 10:23:09,877 INFO[org.springframework.web.servlet.handler.SimpleUrlHandlerMapping:354] - Mapped URL path [/resources/**/] onto handler 'org.springframework.web.servlet.resource.ResourceHttpRequestHandler#0'
2019-04-02 10:23:09,933 INFO[org.springframework.web.servlet.mvc.method.annotation.RequestMappingHandlerMapping:537] - Mapped "{[/article/add-article],methods=[POST]}" onto public java.lang.String com.mypro.Controller.ArticleController.addArticle(com.mypro.model.Article)
2019-04-02 10:23:09,935 INFO[org.springframework.web.servlet.mvc.method.annotation.RequestMappingHandlerMapping:537] - Mapped "{[/article/five-article],methods=[GET]}" onto public java.lang.String com.mypro.Controller.ArticleController.getArticalList()
2019-04-02 10:23:09,937 INFO[org.springframework.web.servlet.mvc.method.annotation.RequestMappingHandlerMapping:537] - Mapped "{[/article/upload-img],methods=[POST]}" onto public java.lang.String com.mypro.Controller.ArticleController.doUploadFile(org.springframework.web.multipart.MultipartFile,javax.servlet.http.HttpServletRequest)
2019-04-02 10:23:09,938 INFO[org.springframework.web.servlet.mvc.method.annotation.RequestMappingHandlerMapping:537] - Mapped "{[/emotion-type/list],methods=[POST]}" onto public java.lang.String com.mypro.Controller.EmotionTypeController.getEmotionTypelist()
2019-04-02 10:23:09,940 INFO[org.springframework.web.servlet.mvc.method.annotation.RequestMappingHandlerMapping:537] - Mapped "{[/goods/add-goods],methods=[POST]}" onto public java.lang.String com.mypro.Controller.GoodsController.addGoods(com.mypro.model.Goods)
2019-04-02 10:23:09,941 INFO[org.springframework.web.servlet.mvc.method.annotation.RequestMappingHandlerMapping:537] - Mapped "{[/goods/list],methods=[POST]}" onto public java.lang.String com.mypro.Controller.GoodsController.getGoodslist(java.util.Map)
2019-04-02 10:23:09,944 INFO[org.springframework.web.servlet.mvc.method.annotation.RequestMappingHandlerMapping:537] - Mapped "{[/user/register],methods=[POST]}" onto public java.lang.String com.mypro.Controller.UserController.register(com.mypro.model.User)
2019-04-02 10:23:09,945 INFO[org.springframework.web.servlet.mvc.method.annotation.RequestMappingHandlerMapping:537] - Mapped "{[/user/uploadFile],methods=[POST]}" onto public java.lang.String com.mypro.Controller.UserController.doUploadFile(org.springframework.web.multipart.MultipartFile,java.lang.String,javax.servlet.http.HttpServletRequest)
2019-04-02 10:23:09,945 INFO[org.springframework.web.servlet.mvc.method.annotation.RequestMappingHandlerMapping:537] - Mapped "{[/user/login],methods=[POST]}" onto public java.lang.String com.mypro.Controller.UserController.Login(com.mypro.model.User)
2019-04-02 10:23:09,946 INFO[org.springframework.web.servlet.mvc.method.annotation.RequestMappingHandlerMapping:537] - Mapped "{[/user/send-email],methods=[POST]}" onto public java.lang.String com.mypro.Controller.UserController.sendEmail(java.util.Map)
2019-04-02 10:23:10,137 INFO[org.springframework.web.servlet.mvc.method.annotation.RequestMappingHandlerAdapter:534] - Looking for @ControllerAdvice: WebApplicationContext for namespace 'springMVC-servlet': startup date [Tue Apr 02 10:23:09 CST 2019]; parent: Root WebApplicationContext
2019-04-02 10:23:10,193 INFO[org.springframework.web.servlet.mvc.method.annotation.RequestMappingHandlerAdapter:534] - Looking for @ControllerAdvice: WebApplicationContext for namespace 'springMVC-servlet': startup date [Tue Apr 02 10:23:09 CST 2019]; parent: Root WebApplicationContext
2019-04-02 10:23:10,346 INFO[org.springframework.web.servlet.DispatcherServlet:508] - FrameworkServlet 'springMVC': initialization completed in 916 ms
2019-04-02 10:23:20,193 INFO[com.mchange.v2.c3p0.impl.AbstractPoolBackedDataSource:462] - Initializing c3p0 pool... com.mchange.v2.c3p0.ComboPooledDataSource [ acquireIncrement -> 2, acquireRetryAttempts -> 30, acquireRetryDelay -> 1000, autoCommitOnClose -> false, automaticTestTable -> null, breakAfterAcquireFailure -> false, checkoutTimeout -> 0, connectionCustomizerClassName -> null, connectionTesterClassName -> com.mchange.v2.c3p0.impl.DefaultConnectionTester, dataSourceName -> 1hge1lga11p03dls1ee2bgk|7ad889be, debugUnreturnedConnectionStackTraces -> false, description -> null, driverClass -> com.mysql.jdbc.Driver, factoryClassLocation -> null, forceIgnoreUnresolvedTransactions -> false, identityToken -> 1hge1lga11p03dls1ee2bgk|7ad889be, idleConnectionTestPeriod -> 0, initialPoolSize -> 3, jdbcUrl -> jdbc:mysql://localhost:3306/myproject?useUnicode=true&characterEncoding=UTF-8, maxAdministrativeTaskTime -> 0, maxConnectionAge -> 0, maxIdleTime -> 0, maxIdleTimeExcessConnections -> 0, maxPoolSize -> 20, maxStatements -> 0, maxStatementsPerConnection -> 0, minPoolSize -> 5, numHelperThreads -> 3, numThreadsAwaitingCheckoutDefaultUser -> 0, preferredTestQuery -> null, properties -> {user=******, password=******}, propertyCycle -> 0, testConnectionOnCheckin -> false, testConnectionOnCheckout -> false, unreturnedConnectionTimeout -> 0, usesTraditionalReflectiveProxies -> false ]
2019-04-02 16:29:24,441 WARN[org.springframework.web.servlet.PageNotFound:1147] - No mapping found for HTTP request with URI [/mypro/undefined] in DispatcherServlet with name 'springMVC'
